<?xml version="1.0" encoding="UTF-8"?>
<coverage generated="1454276985">
  <project timestamp="1454276985">
    <package name="N8G\Grass">
      <file name="/Users/NickGreen/workspace/code/cms/code/src/Bootstrap.php">
        <class name="Bootstrap" namespace="N8G\Grass">
          <metrics methods="7" coveredmethods="0" conditionals="0" coveredconditionals="0" statements="69" coveredstatements="0" elements="76" coveredelements="0"/>
        </class>
        <line num="25" type="method" name="run" crap="20" count="0"/>
        <line num="28" type="stmt" count="0"/>
        <line num="29" type="stmt" count="0"/>
        <line num="32" type="stmt" count="0"/>
        <line num="35" type="stmt" count="0"/>
        <line num="36" type="method" name="anonymous function" crap="2" count="0"/>
        <line num="38" type="stmt" count="0"/>
        <line num="39" type="stmt" count="0"/>
        <line num="40" type="stmt" count="0"/>
        <line num="43" type="stmt" count="0"/>
        <line num="44" type="stmt" count="0"/>
        <line num="45" type="stmt" count="0"/>
        <line num="46" type="stmt" count="0"/>
        <line num="49" type="stmt" count="0"/>
        <line num="50" type="stmt" count="0"/>
        <line num="51" type="stmt" count="0"/>
        <line num="52" type="stmt" count="0"/>
        <line num="53" type="stmt" count="0"/>
        <line num="54" type="stmt" count="0"/>
        <line num="55" type="stmt" count="0"/>
        <line num="56" type="stmt" count="0"/>
        <line num="57" type="stmt" count="0"/>
        <line num="60" type="stmt" count="0"/>
        <line num="63" type="stmt" count="0"/>
        <line num="66" type="stmt" count="0"/>
        <line num="67" type="stmt" count="0"/>
        <line num="68" type="stmt" count="0"/>
        <line num="69" type="stmt" count="0"/>
        <line num="72" type="stmt" count="0"/>
        <line num="75" type="stmt" count="0"/>
        <line num="76" type="stmt" count="0"/>
        <line num="84" type="method" name="tearDown" crap="2" count="0"/>
        <line num="87" type="stmt" count="0"/>
        <line num="90" type="stmt" count="0"/>
        <line num="91" type="stmt" count="0"/>
        <line num="92" type="stmt" count="0"/>
        <line num="100" type="method" name="checkSiteSetup" crap="2" count="0"/>
        <line num="101" type="stmt" count="0"/>
        <line num="114" type="method" name="errorHandler" crap="2" count="0"/>
        <line num="117" type="stmt" count="0"/>
        <line num="120" type="stmt" count="0"/>
        <line num="121" type="stmt" count="0"/>
        <line num="122" type="stmt" count="0"/>
        <line num="123" type="stmt" count="0"/>
        <line num="124" type="stmt" count="0"/>
        <line num="125" type="stmt" count="0"/>
        <line num="127" type="stmt" count="0"/>
        <line num="130" type="stmt" count="0"/>
        <line num="133" type="stmt" count="0"/>
        <line num="144" type="method" name="getMethod" crap="132" count="0"/>
        <line num="147" type="stmt" count="0"/>
        <line num="148" type="stmt" count="0"/>
        <line num="149" type="stmt" count="0"/>
        <line num="150" type="stmt" count="0"/>
        <line num="152" type="stmt" count="0"/>
        <line num="153" type="stmt" count="0"/>
        <line num="154" type="stmt" count="0"/>
        <line num="155" type="stmt" count="0"/>
        <line num="156" type="stmt" count="0"/>
        <line num="157" type="stmt" count="0"/>
        <line num="158" type="stmt" count="0"/>
        <line num="159" type="stmt" count="0"/>
        <line num="161" type="stmt" count="0"/>
        <line num="162" type="stmt" count="0"/>
        <line num="164" type="stmt" count="0"/>
        <line num="174" type="method" name="getType" crap="272" count="0"/>
        <line num="178" type="stmt" count="0"/>
        <line num="179" type="stmt" count="0"/>
        <line num="181" type="stmt" count="0"/>
        <line num="182" type="stmt" count="0"/>
        <line num="184" type="stmt" count="0"/>
        <line num="185" type="stmt" count="0"/>
        <line num="187" type="stmt" count="0"/>
        <line num="188" type="stmt" count="0"/>
        <line num="190" type="stmt" count="0"/>
        <line num="191" type="stmt" count="0"/>
        <line num="193" type="stmt" count="0"/>
        <line num="194" type="stmt" count="0"/>
        <line num="196" type="stmt" count="0"/>
        <line num="197" type="stmt" count="0"/>
        <line num="199" type="stmt" count="0"/>
        <line num="200" type="stmt" count="0"/>
        <line num="202" type="stmt" count="0"/>
        <line num="203" type="stmt" count="0"/>
        <line num="205" type="stmt" count="0"/>
        <line num="206" type="stmt" count="0"/>
        <line num="208" type="stmt" count="0"/>
        <line num="209" type="stmt" count="0"/>
        <line num="211" type="stmt" count="0"/>
        <line num="212" type="stmt" count="0"/>
        <line num="214" type="stmt" count="0"/>
        <line num="215" type="stmt" count="0"/>
        <line num="217" type="stmt" count="0"/>
        <line num="218" type="stmt" count="0"/>
        <line num="220" type="stmt" count="0"/>
        <line num="221" type="stmt" count="0"/>
        <line num="223" type="stmt" count="0"/>
        <line num="224" type="stmt" count="0"/>
        <line num="226" type="stmt" count="0"/>
        <metrics loc="227" ncloc="109" classes="1" methods="7" coveredmethods="0" conditionals="0" coveredconditionals="0" statements="92" coveredstatements="0" elements="99" coveredelements="0"/>
      </file>
    </package>
    <file name="/Users/NickGreen/workspace/code/cms/code/src/Components/Component.php">
      <metrics loc="107" ncloc="28" classes="0" methods="0" coveredmethods="0" conditionals="0" coveredconditionals="0" statements="0" coveredstatements="0" elements="0" coveredelements="0"/>
    </file>
    <package name="N8G\Grass\Components\Html">
      <file name="/Users/NickGreen/workspace/code/cms/code/src/Components/Html/Anchor.php">
        <class name="Anchor" namespace="N8G\Grass\Components\Html">
          <metrics methods="1" coveredmethods="1" conditionals="0" coveredconditionals="0" statements="12" coveredstatements="12" elements="13" coveredelements="13"/>
        </class>
        <line num="28" type="method" name="__construct" crap="1" count="99"/>
        <line num="30" type="stmt" count="99"/>
        <line num="31" type="stmt" count="99"/>
        <line num="32" type="stmt" count="99"/>
        <line num="34" type="stmt" count="99"/>
        <line num="35" type="stmt" count="99"/>
        <line num="38" type="stmt" count="93"/>
        <line num="39" type="stmt" count="93"/>
        <line num="40" type="stmt" count="93"/>
        <line num="41" type="stmt" count="93"/>
        <line num="42" type="stmt" count="93"/>
        <line num="44" type="stmt" count="93"/>
        <line num="45" type="stmt" count="93"/>
        <metrics loc="45" ncloc="26" classes="1" methods="1" coveredmethods="1" conditionals="0" coveredconditionals="0" statements="12" coveredstatements="12" elements="13" coveredelements="13"/>
      </file>
      <file name="/Users/NickGreen/workspace/code/cms/code/src/Components/Html/Article.php">
        <class name="Article" namespace="N8G\Grass\Components\Html">
          <metrics methods="1" coveredmethods="1" conditionals="0" coveredconditionals="0" statements="23" coveredstatements="23" elements="24" coveredelements="24"/>
        </class>
        <line num="28" type="method" name="__construct" crap="1" count="99"/>
        <line num="30" type="stmt" count="99"/>
        <line num="31" type="stmt" count="99"/>
        <line num="32" type="stmt" count="99"/>
        <line num="34" type="stmt" count="99"/>
        <line num="35" type="stmt" count="99"/>
        <line num="38" type="stmt" count="93"/>
        <line num="39" type="stmt" count="93"/>
        <line num="40" type="stmt" count="93"/>
        <line num="41" type="stmt" count="93"/>
        <line num="42" type="stmt" count="93"/>
        <line num="43" type="stmt" count="93"/>
        <line num="44" type="stmt" count="93"/>
        <line num="45" type="stmt" count="93"/>
        <line num="46" type="stmt" count="93"/>
        <line num="47" type="stmt" count="93"/>
        <line num="48" type="stmt" count="93"/>
        <line num="49" type="stmt" count="93"/>
        <line num="50" type="stmt" count="93"/>
        <line num="51" type="stmt" count="93"/>
        <line num="52" type="stmt" count="93"/>
        <line num="53" type="stmt" count="93"/>
        <line num="55" type="stmt" count="93"/>
        <line num="56" type="stmt" count="93"/>
        <metrics loc="56" ncloc="37" classes="1" methods="1" coveredmethods="1" conditionals="0" coveredconditionals="0" statements="23" coveredstatements="23" elements="24" coveredelements="24"/>
      </file>
      <file name="/Users/NickGreen/workspace/code/cms/code/src/Components/Html/Body.php">
        <class name="Body" namespace="N8G\Grass\Components\Html">
          <metrics methods="1" coveredmethods="1" conditionals="0" coveredconditionals="0" statements="27" coveredstatements="27" elements="28" coveredelements="28"/>
        </class>
        <line num="28" type="method" name="__construct" crap="1" count="99"/>
        <line num="30" type="stmt" count="99"/>
        <line num="31" type="stmt" count="99"/>
        <line num="32" type="stmt" count="99"/>
        <line num="34" type="stmt" count="99"/>
        <line num="35" type="stmt" count="99"/>
        <line num="38" type="stmt" count="93"/>
        <line num="39" type="stmt" count="93"/>
        <line num="40" type="stmt" count="93"/>
        <line num="41" type="stmt" count="93"/>
        <line num="42" type="stmt" count="93"/>
        <line num="43" type="stmt" count="93"/>
        <line num="44" type="stmt" count="93"/>
        <line num="45" type="stmt" count="93"/>
        <line num="46" type="stmt" count="93"/>
        <line num="47" type="stmt" count="93"/>
        <line num="48" type="stmt" count="93"/>
        <line num="49" type="stmt" count="93"/>
        <line num="50" type="stmt" count="93"/>
        <line num="51" type="stmt" count="93"/>
        <line num="52" type="stmt" count="93"/>
        <line num="53" type="stmt" count="93"/>
        <line num="54" type="stmt" count="93"/>
        <line num="55" type="stmt" count="93"/>
        <line num="56" type="stmt" count="93"/>
        <line num="57" type="stmt" count="93"/>
        <line num="59" type="stmt" count="93"/>
        <line num="60" type="stmt" count="93"/>
        <metrics loc="60" ncloc="41" classes="1" methods="1" coveredmethods="1" conditionals="0" coveredconditionals="0" statements="27" coveredstatements="27" elements="28" coveredelements="28"/>
      </file>
      <file name="/Users/NickGreen/workspace/code/cms/code/src/Components/Html/Button.php">
        <class name="Button" namespace="N8G\Grass\Components\Html">
          <metrics methods="2" coveredmethods="2" conditionals="0" coveredconditionals="0" statements="14" coveredstatements="14" elements="16" coveredelements="16"/>
        </class>
        <line num="37" type="method" name="__construct" crap="1" count="100"/>
        <line num="39" type="stmt" count="100"/>
        <line num="40" type="stmt" count="100"/>
        <line num="41" type="stmt" count="100"/>
        <line num="43" type="stmt" count="100"/>
        <line num="44" type="stmt" count="100"/>
        <line num="47" type="stmt" count="94"/>
        <line num="48" type="stmt" count="94"/>
        <line num="49" type="stmt" count="94"/>
        <line num="51" type="stmt" count="94"/>
        <line num="52" type="stmt" count="94"/>
        <line num="61" type="method" name="validateAttributes" crap="3" count="8"/>
        <line num="64" type="stmt" count="8"/>
        <line num="66" type="stmt" count="1"/>
        <line num="68" type="stmt" count="8"/>
        <line num="69" type="stmt" count="8"/>
        <metrics loc="69" ncloc="37" classes="1" methods="2" coveredmethods="2" conditionals="0" coveredconditionals="0" statements="14" coveredstatements="14" elements="16" coveredelements="16"/>
      </file>
      <file name="/Users/NickGreen/workspace/code/cms/code/src/Components/Html/Div.php">
        <class name="Div" namespace="N8G\Grass\Components\Html">
          <metrics methods="1" coveredmethods="1" conditionals="0" coveredconditionals="0" statements="24" coveredstatements="24" elements="25" coveredelements="25"/>
        </class>
        <line num="28" type="method" name="__construct" crap="1" count="99"/>
        <line num="30" type="stmt" count="99"/>
        <line num="31" type="stmt" count="99"/>
        <line num="32" type="stmt" count="99"/>
        <line num="34" type="stmt" count="99"/>
        <line num="35" type="stmt" count="99"/>
        <line num="38" type="stmt" count="93"/>
        <line num="39" type="stmt" count="93"/>
        <line num="40" type="stmt" count="93"/>
        <line num="41" type="stmt" count="93"/>
        <line num="42" type="stmt" count="93"/>
        <line num="43" type="stmt" count="93"/>
        <line num="44" type="stmt" count="93"/>
        <line num="45" type="stmt" count="93"/>
        <line num="46" type="stmt" count="93"/>
        <line num="47" type="stmt" count="93"/>
        <line num="48" type="stmt" count="93"/>
        <line num="49" type="stmt" count="93"/>
        <line num="50" type="stmt" count="93"/>
        <line num="51" type="stmt" count="93"/>
        <line num="52" type="stmt" count="93"/>
        <line num="53" type="stmt" count="93"/>
        <line num="54" type="stmt" count="93"/>
        <line num="56" type="stmt" count="93"/>
        <line num="57" type="stmt" count="93"/>
        <metrics loc="57" ncloc="38" classes="1" methods="1" coveredmethods="1" conditionals="0" coveredconditionals="0" statements="24" coveredstatements="24" elements="25" coveredelements="25"/>
      </file>
      <file name="/Users/NickGreen/workspace/code/cms/code/src/Components/Html/Fieldset.php">
        <class name="Fieldset" namespace="N8G\Grass\Components\Html">
          <metrics methods="1" coveredmethods="1" conditionals="0" coveredconditionals="0" statements="20" coveredstatements="20" elements="21" coveredelements="21"/>
        </class>
        <line num="28" type="method" name="__construct" crap="1" count="99"/>
        <line num="30" type="stmt" count="99"/>
        <line num="31" type="stmt" count="99"/>
        <line num="32" type="stmt" count="99"/>
        <line num="34" type="stmt" count="99"/>
        <line num="35" type="stmt" count="99"/>
        <line num="38" type="stmt" count="93"/>
        <line num="39" type="stmt" count="93"/>
        <line num="40" type="stmt" count="93"/>
        <line num="41" type="stmt" count="93"/>
        <line num="42" type="stmt" count="93"/>
        <line num="43" type="stmt" count="93"/>
        <line num="44" type="stmt" count="93"/>
        <line num="45" type="stmt" count="93"/>
        <line num="46" type="stmt" count="93"/>
        <line num="47" type="stmt" count="93"/>
        <line num="48" type="stmt" count="93"/>
        <line num="49" type="stmt" count="93"/>
        <line num="50" type="stmt" count="93"/>
        <line num="52" type="stmt" count="93"/>
        <line num="53" type="stmt" count="93"/>
        <metrics loc="53" ncloc="34" classes="1" methods="1" coveredmethods="1" conditionals="0" coveredconditionals="0" statements="20" coveredstatements="20" elements="21" coveredelements="21"/>
      </file>
      <file name="/Users/NickGreen/workspace/code/cms/code/src/Components/Html/Footer.php">
        <class name="Footer" namespace="N8G\Grass\Components\Html">
          <metrics methods="1" coveredmethods="1" conditionals="0" coveredconditionals="0" statements="23" coveredstatements="23" elements="24" coveredelements="24"/>
        </class>
        <line num="28" type="method" name="__construct" crap="1" count="99"/>
        <line num="30" type="stmt" count="99"/>
        <line num="31" type="stmt" count="99"/>
        <line num="32" type="stmt" count="99"/>
        <line num="34" type="stmt" count="99"/>
        <line num="35" type="stmt" count="99"/>
        <line num="38" type="stmt" count="93"/>
        <line num="39" type="stmt" count="93"/>
        <line num="40" type="stmt" count="93"/>
        <line num="41" type="stmt" count="93"/>
        <line num="42" type="stmt" count="93"/>
        <line num="43" type="stmt" count="93"/>
        <line num="44" type="stmt" count="93"/>
        <line num="45" type="stmt" count="93"/>
        <line num="46" type="stmt" count="93"/>
        <line num="47" type="stmt" count="93"/>
        <line num="48" type="stmt" count="93"/>
        <line num="49" type="stmt" count="93"/>
        <line num="50" type="stmt" count="93"/>
        <line num="51" type="stmt" count="93"/>
        <line num="52" type="stmt" count="93"/>
        <line num="53" type="stmt" count="93"/>
        <line num="55" type="stmt" count="93"/>
        <line num="56" type="stmt" count="93"/>
        <metrics loc="56" ncloc="37" classes="1" methods="1" coveredmethods="1" conditionals="0" coveredconditionals="0" statements="23" coveredstatements="23" elements="24" coveredelements="24"/>
      </file>
      <file name="/Users/NickGreen/workspace/code/cms/code/src/Components/Html/Form.php">
        <class name="Form" namespace="N8G\Grass\Components\Html">
          <metrics methods="2" coveredmethods="2" conditionals="0" coveredconditionals="0" statements="26" coveredstatements="26" elements="28" coveredelements="28"/>
        </class>
        <line num="39" type="method" name="__construct" crap="1" count="100"/>
        <line num="41" type="stmt" count="100"/>
        <line num="42" type="stmt" count="100"/>
        <line num="43" type="stmt" count="100"/>
        <line num="45" type="stmt" count="100"/>
        <line num="46" type="stmt" count="100"/>
        <line num="49" type="stmt" count="94"/>
        <line num="50" type="stmt" count="94"/>
        <line num="51" type="stmt" count="94"/>
        <line num="52" type="stmt" count="94"/>
        <line num="53" type="stmt" count="94"/>
        <line num="54" type="stmt" count="94"/>
        <line num="55" type="stmt" count="94"/>
        <line num="56" type="stmt" count="94"/>
        <line num="57" type="stmt" count="94"/>
        <line num="58" type="stmt" count="94"/>
        <line num="59" type="stmt" count="94"/>
        <line num="60" type="stmt" count="94"/>
        <line num="61" type="stmt" count="94"/>
        <line num="62" type="stmt" count="94"/>
        <line num="63" type="stmt" count="94"/>
        <line num="65" type="stmt" count="94"/>
        <line num="66" type="stmt" count="94"/>
        <line num="75" type="method" name="validateAttributes" crap="3" count="8"/>
        <line num="78" type="stmt" count="8"/>
        <line num="80" type="stmt" count="1"/>
        <line num="82" type="stmt" count="8"/>
        <line num="83" type="stmt" count="8"/>
        <metrics loc="83" ncloc="49" classes="1" methods="2" coveredmethods="2" conditionals="0" coveredconditionals="0" statements="26" coveredstatements="26" elements="28" coveredelements="28"/>
      </file>
      <file name="/Users/NickGreen/workspace/code/cms/code/src/Components/Html/Head.php">
        <class name="Head" namespace="N8G\Grass\Components\Html">
          <metrics methods="1" coveredmethods="1" conditionals="0" coveredconditionals="0" statements="13" coveredstatements="13" elements="14" coveredelements="14"/>
        </class>
        <line num="27" type="method" name="__construct" crap="1" count="227"/>
        <line num="29" type="stmt" count="227"/>
        <line num="30" type="stmt" count="227"/>
        <line num="31" type="stmt" count="227"/>
        <line num="33" type="stmt" count="227"/>
        <line num="34" type="stmt" count="227"/>
        <line num="37" type="stmt" count="221"/>
        <line num="38" type="stmt" count="221"/>
        <line num="39" type="stmt" count="221"/>
        <line num="40" type="stmt" count="221"/>
        <line num="41" type="stmt" count="221"/>
        <line num="42" type="stmt" count="221"/>
        <line num="44" type="stmt" count="221"/>
        <line num="45" type="stmt" count="221"/>
        <metrics loc="45" ncloc="26" classes="1" methods="1" coveredmethods="1" conditionals="0" coveredconditionals="0" statements="13" coveredstatements="13" elements="14" coveredelements="14"/>
      </file>
      <file name="/Users/NickGreen/workspace/code/cms/code/src/Components/Html/Header.php">
        <class name="Header" namespace="N8G\Grass\Components\Html">
          <metrics methods="1" coveredmethods="1" conditionals="0" coveredconditionals="0" statements="22" coveredstatements="22" elements="23" coveredelements="23"/>
        </class>
        <line num="28" type="method" name="__construct" crap="1" count="99"/>
        <line num="30" type="stmt" count="99"/>
        <line num="31" type="stmt" count="99"/>
        <line num="32" type="stmt" count="99"/>
        <line num="34" type="stmt" count="99"/>
        <line num="35" type="stmt" count="99"/>
        <line num="38" type="stmt" count="93"/>
        <line num="39" type="stmt" count="93"/>
        <line num="40" type="stmt" count="93"/>
        <line num="41" type="stmt" count="93"/>
        <line num="42" type="stmt" count="93"/>
        <line num="43" type="stmt" count="93"/>
        <line num="44" type="stmt" count="93"/>
        <line num="45" type="stmt" count="93"/>
        <line num="46" type="stmt" count="93"/>
        <line num="47" type="stmt" count="93"/>
        <line num="48" type="stmt" count="93"/>
        <line num="49" type="stmt" count="93"/>
        <line num="50" type="stmt" count="93"/>
        <line num="51" type="stmt" count="93"/>
        <line num="52" type="stmt" count="93"/>
        <line num="54" type="stmt" count="93"/>
        <line num="55" type="stmt" count="93"/>
        <metrics loc="55" ncloc="36" classes="1" methods="1" coveredmethods="1" conditionals="0" coveredconditionals="0" statements="22" coveredstatements="22" elements="23" coveredelements="23"/>
      </file>
      <file name="/Users/NickGreen/workspace/code/cms/code/src/Components/Html/Heading.php">
        <class name="Heading" namespace="N8G\Grass\Components\Html">
          <metrics methods="1" coveredmethods="1" conditionals="0" coveredconditionals="0" statements="12" coveredstatements="12" elements="13" coveredelements="13"/>
        </class>
        <line num="29" type="method" name="__construct" crap="1" count="99"/>
        <line num="31" type="stmt" count="99"/>
        <line num="32" type="stmt" count="99"/>
        <line num="33" type="stmt" count="99"/>
        <line num="35" type="stmt" count="99"/>
        <line num="36" type="stmt" count="99"/>
        <line num="39" type="stmt" count="93"/>
        <line num="40" type="stmt" count="93"/>
        <line num="41" type="stmt" count="93"/>
        <line num="42" type="stmt" count="93"/>
        <line num="43" type="stmt" count="93"/>
        <line num="45" type="stmt" count="93"/>
        <line num="46" type="stmt" count="93"/>
        <metrics loc="46" ncloc="26" classes="1" methods="1" coveredmethods="1" conditionals="0" coveredconditionals="0" statements="12" coveredstatements="12" elements="13" coveredelements="13"/>
      </file>
      <file name="/Users/NickGreen/workspace/code/cms/code/src/Components/Html/HorizontalRule.php">
        <class name="HorizontalRule" namespace="N8G\Grass\Components\Html">
          <metrics methods="2" coveredmethods="2" conditionals="0" coveredconditionals="0" statements="18" coveredstatements="18" elements="20" coveredelements="20"/>
        </class>
        <line num="26" type="method" name="__construct" crap="1" count="99"/>
        <line num="28" type="stmt" count="99"/>
        <line num="29" type="stmt" count="99"/>
        <line num="30" type="stmt" count="99"/>
        <line num="32" type="stmt" count="99"/>
        <line num="33" type="stmt" count="99"/>
        <line num="36" type="stmt" count="93"/>
        <line num="37" type="stmt" count="93"/>
        <line num="38" type="stmt" count="93"/>
        <line num="48" type="method" name="toHtml" crap="3" count="7"/>
        <line num="50" type="stmt" count="7"/>
        <line num="52" type="stmt" count="7"/>
        <line num="55" type="stmt" count="7"/>
        <line num="56" type="stmt" count="2"/>
        <line num="57" type="stmt" count="2"/>
        <line num="60" type="stmt" count="7"/>
        <line num="62" type="stmt" count="7"/>
        <line num="63" type="stmt" count="1"/>
        <line num="64" type="stmt" count="7"/>
        <line num="66" type="stmt" count="7"/>
        <metrics loc="67" ncloc="36" classes="1" methods="2" coveredmethods="2" conditionals="0" coveredconditionals="0" statements="18" coveredstatements="18" elements="20" coveredelements="20"/>
      </file>
      <file name="/Users/NickGreen/workspace/code/cms/code/src/Components/Html/HtmlAbstract.php">
        <class name="HtmlAbstract" namespace="N8G\Grass\Components\Html">
          <metrics methods="15" coveredmethods="10" conditionals="0" coveredconditionals="0" statements="180" coveredstatements="149" elements="195" coveredelements="159"/>
        </class>
        <line num="66" type="method" name="__construct" crap="1" count="2264"/>
        <line num="68" type="stmt" count="2264"/>
        <line num="70" type="stmt" count="2264"/>
        <line num="71" type="stmt" count="2264"/>
        <line num="72" type="stmt" count="2183"/>
        <line num="73" type="stmt" count="2183"/>
        <line num="76" type="stmt" count="2060"/>
        <line num="77" type="stmt" count="2060"/>
        <line num="78" type="stmt" count="2060"/>
        <line num="79" type="stmt" count="2060"/>
        <line num="80" type="stmt" count="2060"/>
        <line num="81" type="stmt" count="2060"/>
        <line num="82" type="stmt" count="2060"/>
        <line num="83" type="stmt" count="2060"/>
        <line num="84" type="stmt" count="2060"/>
        <line num="85" type="stmt" count="2060"/>
        <line num="86" type="stmt" count="2060"/>
        <line num="87" type="stmt" count="2060"/>
        <line num="88" type="stmt" count="2060"/>
        <line num="89" type="stmt" count="2060"/>
        <line num="90" type="stmt" count="2060"/>
        <line num="91" type="stmt" count="2060"/>
        <line num="92" type="stmt" count="2060"/>
        <line num="93" type="stmt" count="2060"/>
        <line num="94" type="stmt" count="2060"/>
        <line num="95" type="stmt" count="2060"/>
        <line num="96" type="stmt" count="2060"/>
        <line num="97" type="stmt" count="2060"/>
        <line num="98" type="stmt" count="2060"/>
        <line num="99" type="stmt" count="2060"/>
        <line num="100" type="stmt" count="2060"/>
        <line num="101" type="stmt" count="2060"/>
        <line num="102" type="stmt" count="2060"/>
        <line num="103" type="stmt" count="2060"/>
        <line num="104" type="stmt" count="2060"/>
        <line num="105" type="stmt" count="2060"/>
        <line num="106" type="stmt" count="2060"/>
        <line num="107" type="stmt" count="2060"/>
        <line num="108" type="stmt" count="2060"/>
        <line num="109" type="stmt" count="2060"/>
        <line num="111" type="stmt" count="2060"/>
        <line num="112" type="stmt" count="2060"/>
        <line num="120" type="method" name="toString" crap="20.05" count="1400"/>
        <line num="122" type="stmt" count="1400"/>
        <line num="124" type="stmt" count="1400"/>
        <line num="126" type="stmt" count="1400"/>
        <line num="127" type="stmt" count="62"/>
        <line num="128" type="stmt" count="62"/>
        <line num="130" type="stmt" count="1400"/>
        <line num="131" type="stmt" count="27"/>
        <line num="132" type="stmt" count="27"/>
        <line num="133" type="stmt" count="27"/>
        <line num="134" type="stmt" count="0"/>
        <line num="135" type="stmt" count="0"/>
        <line num="136" type="stmt" count="27"/>
        <line num="138" type="stmt" count="27"/>
        <line num="139" type="stmt" count="27"/>
        <line num="140" type="stmt" count="27"/>
        <line num="142" type="stmt" count="1400"/>
        <line num="143" type="stmt" count="124"/>
        <line num="144" type="stmt" count="124"/>
        <line num="145" type="stmt" count="0"/>
        <line num="146" type="stmt" count="0"/>
        <line num="147" type="stmt" count="0"/>
        <line num="148" type="stmt" count="0"/>
        <line num="149" type="stmt" count="0"/>
        <line num="150" type="stmt" count="0"/>
        <line num="153" type="stmt" count="0"/>
        <line num="154" type="stmt" count="124"/>
        <line num="155" type="stmt" count="0"/>
        <line num="156" type="stmt" count="0"/>
        <line num="157" type="stmt" count="124"/>
        <line num="159" type="stmt" count="124"/>
        <line num="160" type="stmt" count="124"/>
        <line num="162" type="stmt" count="1400"/>
        <line num="163" type="stmt" count="173"/>
        <line num="164" type="stmt" count="173"/>
        <line num="165" type="stmt" count="173"/>
        <line num="166" type="stmt" count="173"/>
        <line num="167" type="stmt" count="173"/>
        <line num="168" type="stmt" count="173"/>
        <line num="170" type="stmt" count="1400"/>
        <line num="180" type="method" name="toHtml" crap="17.33" count="217"/>
        <line num="182" type="stmt" count="217"/>
        <line num="184" type="stmt" count="217"/>
        <line num="187" type="stmt" count="217"/>
        <line num="188" type="stmt" count="54"/>
        <line num="189" type="stmt" count="54"/>
        <line num="192" type="stmt" count="217"/>
        <line num="194" type="stmt" count="217"/>
        <line num="195" type="stmt" count="91"/>
        <line num="196" type="stmt" count="217"/>
        <line num="198" type="stmt" count="217"/>
        <line num="201" type="stmt" count="217"/>
        <line num="203" type="stmt" count="27"/>
        <line num="205" type="stmt" count="27"/>
        <line num="206" type="stmt" count="0"/>
        <line num="207" type="stmt" count="0"/>
        <line num="208" type="stmt" count="27"/>
        <line num="210" type="stmt" count="27"/>
        <line num="211" type="stmt" count="27"/>
        <line num="213" type="stmt" count="190"/>
        <line num="214" type="stmt" count="0"/>
        <line num="215" type="stmt" count="190"/>
        <line num="216" type="stmt" count="0"/>
        <line num="218" type="stmt" count="0"/>
        <line num="219" type="stmt" count="0"/>
        <line num="220" type="stmt" count="0"/>
        <line num="221" type="stmt" count="0"/>
        <line num="223" type="stmt" count="0"/>
        <line num="224" type="stmt" count="0"/>
        <line num="225" type="stmt" count="190"/>
        <line num="229" type="stmt" count="217"/>
        <line num="238" type="method" name="validateAttributes" crap="8.30" count="254"/>
        <line num="241" type="stmt" count="254"/>
        <line num="244" type="stmt" count="254"/>
        <line num="245" type="stmt" count="0"/>
        <line num="246" type="stmt" count="0"/>
        <line num="249" type="stmt" count="254"/>
        <line num="250" type="stmt" count="79"/>
        <line num="251" type="stmt" count="7"/>
        <line num="252" type="stmt" count="7"/>
        <line num="253" type="stmt" count="254"/>
        <line num="256" type="stmt" count="254"/>
        <line num="257" type="stmt" count="7"/>
        <line num="259" type="stmt" count="254"/>
        <line num="268" type="method" name="getId" crap="1" count="33"/>
        <line num="270" type="stmt" count="33"/>
        <line num="279" type="method" name="getElements" crap="1" count="1254"/>
        <line num="281" type="stmt" count="1254"/>
        <line num="290" type="method" name="getContent" crap="1" count="223"/>
        <line num="292" type="stmt" count="223"/>
        <line num="301" type="method" name="getAttributes" crap="1" count="35"/>
        <line num="303" type="stmt" count="35"/>
        <line num="312" type="method" name="setId" crap="3" count="2264"/>
        <line num="314" type="stmt" count="2264"/>
        <line num="315" type="stmt" count="219"/>
        <line num="316" type="stmt" count="219"/>
        <line num="317" type="stmt" count="219"/>
        <line num="318" type="stmt" count="2264"/>
        <line num="327" type="method" name="setElements" crap="6" count="2183"/>
        <line num="329" type="stmt" count="2183"/>
        <line num="330" type="stmt" count="252"/>
        <line num="333" type="stmt" count="252"/>
        <line num="335" type="stmt" count="252"/>
        <line num="336" type="stmt" count="252"/>
        <line num="338" type="stmt" count="132"/>
        <line num="340" type="stmt" count="252"/>
        <line num="341" type="stmt" count="252"/>
        <line num="342" type="stmt" count="252"/>
        <line num="344" type="stmt" count="2183"/>
        <line num="353" type="method" name="setContent" crap="4" count="2183"/>
        <line num="355" type="stmt" count="2183"/>
        <line num="356" type="stmt" count="279"/>
        <line num="357" type="stmt" count="279"/>
        <line num="358" type="stmt" count="279"/>
        <line num="359" type="stmt" count="2183"/>
        <line num="368" type="method" name="setAttributes" crap="4" count="2060"/>
        <line num="370" type="stmt" count="2060"/>
        <line num="371" type="stmt" count="2060"/>
        <line num="372" type="stmt" count="2060"/>
        <line num="373" type="stmt" count="2060"/>
        <line num="374" type="stmt" count="2060"/>
        <line num="383" type="method" name="addElement" crap="6.97" count="1155"/>
        <line num="385" type="stmt" count="1155"/>
        <line num="388" type="stmt" count="1155"/>
        <line num="391" type="stmt" count="188"/>
        <line num="392" type="stmt" count="0"/>
        <line num="393" type="stmt" count="0"/>
        <line num="394" type="stmt" count="0"/>
        <line num="395" type="stmt" count="0"/>
        <line num="397" type="stmt" count="0"/>
        <line num="398" type="stmt" count="0"/>
        <line num="400" type="stmt" count="188"/>
        <line num="401" type="stmt" count="188"/>
        <line num="402" type="stmt" count="967"/>
        <line num="403" type="stmt" count="967"/>
        <line num="405" type="stmt" count="967"/>
        <line num="413" type="method" name="addAttribute" crap="3" count="137"/>
        <line num="415" type="stmt" count="137"/>
        <line num="418" type="stmt" count="137"/>
        <line num="419" type="stmt" count="35"/>
        <line num="422" type="stmt" count="137"/>
        <line num="424" type="stmt" count="137"/>
        <line num="435" type="method" name="checkElement" crap="7.39" count="1407"/>
        <line num="437" type="stmt" count="1407"/>
        <line num="440" type="stmt" count="1407"/>
        <line num="442" type="stmt" count="1287"/>
        <line num="443" type="stmt" count="0"/>
        <line num="444" type="stmt" count="1287"/>
        <line num="445" type="stmt" count="0"/>
        <line num="446" type="stmt" count="1287"/>
        <line num="447" type="stmt" count="1099"/>
        <line num="449" type="stmt" count="188"/>
        <line num="451" type="stmt" count="374"/>
        <metrics loc="452" ncloc="286" classes="1" methods="15" coveredmethods="10" conditionals="0" coveredconditionals="0" statements="180" coveredstatements="149" elements="195" coveredelements="159"/>
      </file>
      <file name="/Users/NickGreen/workspace/code/cms/code/src/Components/Html/Image.php">
        <class name="Image" namespace="N8G\Grass\Components\Html">
          <metrics methods="2" coveredmethods="2" conditionals="0" coveredconditionals="0" statements="18" coveredstatements="18" elements="20" coveredelements="20"/>
        </class>
        <line num="26" type="method" name="__construct" crap="1" count="100"/>
        <line num="28" type="stmt" count="100"/>
        <line num="29" type="stmt" count="100"/>
        <line num="30" type="stmt" count="100"/>
        <line num="32" type="stmt" count="100"/>
        <line num="33" type="stmt" count="100"/>
        <line num="36" type="stmt" count="94"/>
        <line num="37" type="stmt" count="94"/>
        <line num="38" type="stmt" count="94"/>
        <line num="48" type="method" name="toHtml" crap="3" count="7"/>
        <line num="50" type="stmt" count="7"/>
        <line num="52" type="stmt" count="7"/>
        <line num="55" type="stmt" count="7"/>
        <line num="57" type="stmt" count="7"/>
        <line num="58" type="stmt" count="7"/>
        <line num="59" type="stmt" count="7"/>
        <line num="62" type="stmt" count="7"/>
        <line num="63" type="stmt" count="2"/>
        <line num="64" type="stmt" count="2"/>
        <line num="66" type="stmt" count="7"/>
        <metrics loc="67" ncloc="36" classes="1" methods="2" coveredmethods="2" conditionals="0" coveredconditionals="0" statements="18" coveredstatements="18" elements="20" coveredelements="20"/>
      </file>
      <file name="/Users/NickGreen/workspace/code/cms/code/src/Components/Html/Input.php">
        <class name="Input" namespace="N8G\Grass\Components\Html">
          <metrics methods="3" coveredmethods="3" conditionals="0" coveredconditionals="0" statements="24" coveredstatements="24" elements="27" coveredelements="27"/>
        </class>
        <line num="57" type="method" name="__construct" crap="1" count="100"/>
        <line num="59" type="stmt" count="100"/>
        <line num="60" type="stmt" count="100"/>
        <line num="61" type="stmt" count="100"/>
        <line num="63" type="stmt" count="100"/>
        <line num="64" type="stmt" count="100"/>
        <line num="67" type="stmt" count="94"/>
        <line num="68" type="stmt" count="94"/>
        <line num="69" type="stmt" count="94"/>
        <line num="79" type="method" name="toHtml" crap="3" count="7"/>
        <line num="81" type="stmt" count="7"/>
        <line num="83" type="stmt" count="7"/>
        <line num="86" type="stmt" count="7"/>
        <line num="87" type="stmt" count="2"/>
        <line num="88" type="stmt" count="2"/>
        <line num="91" type="stmt" count="7"/>
        <line num="93" type="stmt" count="7"/>
        <line num="94" type="stmt" count="7"/>
        <line num="95" type="stmt" count="7"/>
        <line num="97" type="stmt" count="7"/>
        <line num="107" type="method" name="validateAttributes" crap="4" count="8"/>
        <line num="110" type="stmt" count="8"/>
        <line num="113" type="stmt" count="1"/>
        <line num="114" type="stmt" count="1"/>
        <line num="115" type="stmt" count="1"/>
        <line num="116" type="stmt" count="8"/>
        <line num="117" type="stmt" count="8"/>
        <metrics loc="117" ncloc="71" classes="1" methods="3" coveredmethods="3" conditionals="0" coveredconditionals="0" statements="24" coveredstatements="24" elements="27" coveredelements="27"/>
      </file>
      <file name="/Users/NickGreen/workspace/code/cms/code/src/Components/Html/Label.php">
        <class name="Label" namespace="N8G\Grass\Components\Html">
          <metrics methods="1" coveredmethods="1" conditionals="0" coveredconditionals="0" statements="10" coveredstatements="10" elements="11" coveredelements="11"/>
        </class>
        <line num="28" type="method" name="__construct" crap="1" count="100"/>
        <line num="30" type="stmt" count="100"/>
        <line num="31" type="stmt" count="100"/>
        <line num="32" type="stmt" count="100"/>
        <line num="34" type="stmt" count="100"/>
        <line num="35" type="stmt" count="100"/>
        <line num="38" type="stmt" count="94"/>
        <line num="39" type="stmt" count="94"/>
        <line num="40" type="stmt" count="94"/>
        <line num="42" type="stmt" count="94"/>
        <line num="43" type="stmt" count="94"/>
        <metrics loc="43" ncloc="24" classes="1" methods="1" coveredmethods="1" conditionals="0" coveredconditionals="0" statements="10" coveredstatements="10" elements="11" coveredelements="11"/>
      </file>
      <file name="/Users/NickGreen/workspace/code/cms/code/src/Components/Html/Link.php">
        <class name="Link" namespace="N8G\Grass\Components\Html">
          <metrics methods="1" coveredmethods="1" conditionals="0" coveredconditionals="0" statements="8" coveredstatements="8" elements="9" coveredelements="9"/>
        </class>
        <line num="28" type="method" name="__construct" crap="1" count="100"/>
        <line num="30" type="stmt" count="100"/>
        <line num="31" type="stmt" count="100"/>
        <line num="32" type="stmt" count="100"/>
        <line num="34" type="stmt" count="100"/>
        <line num="35" type="stmt" count="100"/>
        <line num="38" type="stmt" count="94"/>
        <line num="39" type="stmt" count="94"/>
        <line num="40" type="stmt" count="94"/>
        <metrics loc="40" ncloc="21" classes="1" methods="1" coveredmethods="1" conditionals="0" coveredconditionals="0" statements="8" coveredstatements="8" elements="9" coveredelements="9"/>
      </file>
      <file name="/Users/NickGreen/workspace/code/cms/code/src/Components/Html/ListItem.php">
        <class name="ListItem" namespace="N8G\Grass\Components\Html">
          <metrics methods="1" coveredmethods="1" conditionals="0" coveredconditionals="0" statements="16" coveredstatements="16" elements="17" coveredelements="17"/>
        </class>
        <line num="28" type="method" name="__construct" crap="1" count="99"/>
        <line num="30" type="stmt" count="99"/>
        <line num="31" type="stmt" count="99"/>
        <line num="32" type="stmt" count="99"/>
        <line num="34" type="stmt" count="99"/>
        <line num="35" type="stmt" count="99"/>
        <line num="38" type="stmt" count="93"/>
        <line num="39" type="stmt" count="93"/>
        <line num="40" type="stmt" count="93"/>
        <line num="41" type="stmt" count="93"/>
        <line num="42" type="stmt" count="93"/>
        <line num="43" type="stmt" count="93"/>
        <line num="44" type="stmt" count="93"/>
        <line num="45" type="stmt" count="93"/>
        <line num="46" type="stmt" count="93"/>
        <line num="48" type="stmt" count="93"/>
        <line num="49" type="stmt" count="93"/>
        <metrics loc="49" ncloc="30" classes="1" methods="1" coveredmethods="1" conditionals="0" coveredconditionals="0" statements="16" coveredstatements="16" elements="17" coveredelements="17"/>
      </file>
      <file name="/Users/NickGreen/workspace/code/cms/code/src/Components/Html/Meta.php">
        <class name="Meta" namespace="N8G\Grass\Components\Html">
          <metrics methods="1" coveredmethods="1" conditionals="0" coveredconditionals="0" statements="8" coveredstatements="8" elements="9" coveredelements="9"/>
        </class>
        <line num="28" type="method" name="__construct" crap="1" count="100"/>
        <line num="30" type="stmt" count="100"/>
        <line num="31" type="stmt" count="100"/>
        <line num="32" type="stmt" count="100"/>
        <line num="34" type="stmt" count="100"/>
        <line num="35" type="stmt" count="100"/>
        <line num="38" type="stmt" count="94"/>
        <line num="39" type="stmt" count="94"/>
        <line num="40" type="stmt" count="94"/>
        <metrics loc="40" ncloc="21" classes="1" methods="1" coveredmethods="1" conditionals="0" coveredconditionals="0" statements="8" coveredstatements="8" elements="9" coveredelements="9"/>
      </file>
      <file name="/Users/NickGreen/workspace/code/cms/code/src/Components/Html/Option.php">
        <class name="Option" namespace="N8G\Grass\Components\Html">
          <metrics methods="1" coveredmethods="1" conditionals="0" coveredconditionals="0" statements="8" coveredstatements="8" elements="9" coveredelements="9"/>
        </class>
        <line num="28" type="method" name="__construct" crap="1" count="100"/>
        <line num="30" type="stmt" count="100"/>
        <line num="31" type="stmt" count="100"/>
        <line num="32" type="stmt" count="100"/>
        <line num="34" type="stmt" count="100"/>
        <line num="35" type="stmt" count="100"/>
        <line num="38" type="stmt" count="94"/>
        <line num="39" type="stmt" count="94"/>
        <line num="40" type="stmt" count="94"/>
        <metrics loc="40" ncloc="21" classes="1" methods="1" coveredmethods="1" conditionals="0" coveredconditionals="0" statements="8" coveredstatements="8" elements="9" coveredelements="9"/>
      </file>
      <file name="/Users/NickGreen/workspace/code/cms/code/src/Components/Html/OrderedList.php">
        <class name="OrderedList" namespace="N8G\Grass\Components\Html">
          <metrics methods="1" coveredmethods="1" conditionals="0" coveredconditionals="0" statements="10" coveredstatements="10" elements="11" coveredelements="11"/>
        </class>
        <line num="28" type="method" name="__construct" crap="1" count="99"/>
        <line num="30" type="stmt" count="99"/>
        <line num="31" type="stmt" count="99"/>
        <line num="32" type="stmt" count="99"/>
        <line num="34" type="stmt" count="99"/>
        <line num="35" type="stmt" count="99"/>
        <line num="38" type="stmt" count="93"/>
        <line num="39" type="stmt" count="93"/>
        <line num="40" type="stmt" count="93"/>
        <line num="42" type="stmt" count="93"/>
        <line num="43" type="stmt" count="93"/>
        <metrics loc="43" ncloc="24" classes="1" methods="1" coveredmethods="1" conditionals="0" coveredconditionals="0" statements="10" coveredstatements="10" elements="11" coveredelements="11"/>
      </file>
      <file name="/Users/NickGreen/workspace/code/cms/code/src/Components/Html/PageBreak.php">
        <class name="PageBreak" namespace="N8G\Grass\Components\Html">
          <metrics methods="2" coveredmethods="2" conditionals="0" coveredconditionals="0" statements="18" coveredstatements="18" elements="20" coveredelements="20"/>
        </class>
        <line num="26" type="method" name="__construct" crap="1" count="99"/>
        <line num="28" type="stmt" count="99"/>
        <line num="29" type="stmt" count="99"/>
        <line num="30" type="stmt" count="99"/>
        <line num="32" type="stmt" count="99"/>
        <line num="33" type="stmt" count="99"/>
        <line num="36" type="stmt" count="93"/>
        <line num="37" type="stmt" count="93"/>
        <line num="38" type="stmt" count="93"/>
        <line num="48" type="method" name="toHtml" crap="3" count="7"/>
        <line num="50" type="stmt" count="7"/>
        <line num="52" type="stmt" count="7"/>
        <line num="55" type="stmt" count="7"/>
        <line num="56" type="stmt" count="2"/>
        <line num="57" type="stmt" count="2"/>
        <line num="60" type="stmt" count="7"/>
        <line num="62" type="stmt" count="7"/>
        <line num="63" type="stmt" count="1"/>
        <line num="64" type="stmt" count="7"/>
        <line num="66" type="stmt" count="7"/>
        <metrics loc="67" ncloc="36" classes="1" methods="2" coveredmethods="2" conditionals="0" coveredconditionals="0" statements="18" coveredstatements="18" elements="20" coveredelements="20"/>
      </file>
      <file name="/Users/NickGreen/workspace/code/cms/code/src/Components/Html/Paragraph.php">
        <class name="Paragraph" namespace="N8G\Grass\Components\Html">
          <metrics methods="1" coveredmethods="1" conditionals="0" coveredconditionals="0" statements="12" coveredstatements="12" elements="13" coveredelements="13"/>
        </class>
        <line num="28" type="method" name="__construct" crap="1" count="99"/>
        <line num="30" type="stmt" count="99"/>
        <line num="31" type="stmt" count="99"/>
        <line num="32" type="stmt" count="99"/>
        <line num="34" type="stmt" count="99"/>
        <line num="35" type="stmt" count="99"/>
        <line num="38" type="stmt" count="93"/>
        <line num="39" type="stmt" count="93"/>
        <line num="40" type="stmt" count="93"/>
        <line num="41" type="stmt" count="93"/>
        <line num="42" type="stmt" count="93"/>
        <line num="44" type="stmt" count="93"/>
        <line num="45" type="stmt" count="93"/>
        <metrics loc="45" ncloc="26" classes="1" methods="1" coveredmethods="1" conditionals="0" coveredconditionals="0" statements="12" coveredstatements="12" elements="13" coveredelements="13"/>
      </file>
      <file name="/Users/NickGreen/workspace/code/cms/code/src/Components/Html/Script.php">
        <class name="Script" namespace="N8G\Grass\Components\Html">
          <metrics methods="1" coveredmethods="1" conditionals="0" coveredconditionals="0" statements="9" coveredstatements="9" elements="10" coveredelements="10"/>
        </class>
        <line num="28" type="method" name="__construct" crap="1" count="55"/>
        <line num="30" type="stmt" count="55"/>
        <line num="31" type="stmt" count="55"/>
        <line num="32" type="stmt" count="55"/>
        <line num="34" type="stmt" count="55"/>
        <line num="35" type="stmt" count="55"/>
        <line num="38" type="stmt" count="52"/>
        <line num="39" type="stmt" count="52"/>
        <line num="42" type="stmt" count="52"/>
        <line num="43" type="stmt" count="52"/>
        <metrics loc="43" ncloc="22" classes="1" methods="1" coveredmethods="1" conditionals="0" coveredconditionals="0" statements="9" coveredstatements="9" elements="10" coveredelements="10"/>
      </file>
      <file name="/Users/NickGreen/workspace/code/cms/code/src/Components/Html/Section.php">
        <class name="Section" namespace="N8G\Grass\Components\Html">
          <metrics methods="1" coveredmethods="1" conditionals="0" coveredconditionals="0" statements="23" coveredstatements="23" elements="24" coveredelements="24"/>
        </class>
        <line num="28" type="method" name="__construct" crap="1" count="99"/>
        <line num="30" type="stmt" count="99"/>
        <line num="31" type="stmt" count="99"/>
        <line num="32" type="stmt" count="99"/>
        <line num="34" type="stmt" count="99"/>
        <line num="35" type="stmt" count="99"/>
        <line num="38" type="stmt" count="93"/>
        <line num="39" type="stmt" count="93"/>
        <line num="40" type="stmt" count="93"/>
        <line num="41" type="stmt" count="93"/>
        <line num="42" type="stmt" count="93"/>
        <line num="43" type="stmt" count="93"/>
        <line num="44" type="stmt" count="93"/>
        <line num="45" type="stmt" count="93"/>
        <line num="46" type="stmt" count="93"/>
        <line num="47" type="stmt" count="93"/>
        <line num="48" type="stmt" count="93"/>
        <line num="49" type="stmt" count="93"/>
        <line num="50" type="stmt" count="93"/>
        <line num="51" type="stmt" count="93"/>
        <line num="52" type="stmt" count="93"/>
        <line num="53" type="stmt" count="93"/>
        <line num="55" type="stmt" count="93"/>
        <line num="56" type="stmt" count="93"/>
        <metrics loc="56" ncloc="37" classes="1" methods="1" coveredmethods="1" conditionals="0" coveredconditionals="0" statements="23" coveredstatements="23" elements="24" coveredelements="24"/>
      </file>
      <file name="/Users/NickGreen/workspace/code/cms/code/src/Components/Html/Select.php">
        <class name="Select" namespace="N8G\Grass\Components\Html">
          <metrics methods="1" coveredmethods="1" conditionals="0" coveredconditionals="0" statements="9" coveredstatements="9" elements="10" coveredelements="10"/>
        </class>
        <line num="28" type="method" name="__construct" crap="1" count="100"/>
        <line num="30" type="stmt" count="100"/>
        <line num="31" type="stmt" count="100"/>
        <line num="32" type="stmt" count="100"/>
        <line num="34" type="stmt" count="100"/>
        <line num="35" type="stmt" count="100"/>
        <line num="38" type="stmt" count="94"/>
        <line num="39" type="stmt" count="94"/>
        <line num="41" type="stmt" count="94"/>
        <line num="42" type="stmt" count="94"/>
        <metrics loc="42" ncloc="23" classes="1" methods="1" coveredmethods="1" conditionals="0" coveredconditionals="0" statements="9" coveredstatements="9" elements="10" coveredelements="10"/>
      </file>
      <file name="/Users/NickGreen/workspace/code/cms/code/src/Components/Html/Span.php">
        <class name="Span" namespace="N8G\Grass\Components\Html">
          <metrics methods="1" coveredmethods="1" conditionals="0" coveredconditionals="0" statements="8" coveredstatements="8" elements="9" coveredelements="9"/>
        </class>
        <line num="28" type="method" name="__construct" crap="1" count="99"/>
        <line num="30" type="stmt" count="99"/>
        <line num="31" type="stmt" count="99"/>
        <line num="32" type="stmt" count="99"/>
        <line num="34" type="stmt" count="99"/>
        <line num="35" type="stmt" count="99"/>
        <line num="38" type="stmt" count="93"/>
        <line num="39" type="stmt" count="93"/>
        <line num="40" type="stmt" count="93"/>
        <metrics loc="40" ncloc="21" classes="1" methods="1" coveredmethods="1" conditionals="0" coveredconditionals="0" statements="8" coveredstatements="8" elements="9" coveredelements="9"/>
      </file>
      <file name="/Users/NickGreen/workspace/code/cms/code/src/Components/Html/Style.php">
        <class name="Style" namespace="N8G\Grass\Components\Html">
          <metrics methods="1" coveredmethods="1" conditionals="0" coveredconditionals="0" statements="9" coveredstatements="9" elements="10" coveredelements="10"/>
        </class>
        <line num="28" type="method" name="__construct" crap="1" count="55"/>
        <line num="30" type="stmt" count="55"/>
        <line num="31" type="stmt" count="55"/>
        <line num="32" type="stmt" count="55"/>
        <line num="34" type="stmt" count="55"/>
        <line num="35" type="stmt" count="55"/>
        <line num="38" type="stmt" count="52"/>
        <line num="39" type="stmt" count="52"/>
        <line num="42" type="stmt" count="52"/>
        <line num="43" type="stmt" count="52"/>
        <metrics loc="43" ncloc="22" classes="1" methods="1" coveredmethods="1" conditionals="0" coveredconditionals="0" statements="9" coveredstatements="9" elements="10" coveredelements="10"/>
      </file>
      <file name="/Users/NickGreen/workspace/code/cms/code/src/Components/Html/Table.php">
        <class name="Table" namespace="N8G\Grass\Components\Html">
          <metrics methods="1" coveredmethods="1" conditionals="0" coveredconditionals="0" statements="11" coveredstatements="11" elements="12" coveredelements="12"/>
        </class>
        <line num="28" type="method" name="__construct" crap="1" count="99"/>
        <line num="30" type="stmt" count="99"/>
        <line num="31" type="stmt" count="99"/>
        <line num="32" type="stmt" count="99"/>
        <line num="34" type="stmt" count="99"/>
        <line num="35" type="stmt" count="99"/>
        <line num="38" type="stmt" count="93"/>
        <line num="39" type="stmt" count="93"/>
        <line num="40" type="stmt" count="93"/>
        <line num="41" type="stmt" count="93"/>
        <line num="43" type="stmt" count="93"/>
        <line num="44" type="stmt" count="93"/>
        <metrics loc="44" ncloc="25" classes="1" methods="1" coveredmethods="1" conditionals="0" coveredconditionals="0" statements="11" coveredstatements="11" elements="12" coveredelements="12"/>
      </file>
      <file name="/Users/NickGreen/workspace/code/cms/code/src/Components/Html/TableBody.php">
        <class name="TableBody" namespace="N8G\Grass\Components\Html">
          <metrics methods="1" coveredmethods="1" conditionals="0" coveredconditionals="0" statements="9" coveredstatements="9" elements="10" coveredelements="10"/>
        </class>
        <line num="28" type="method" name="__construct" crap="1" count="99"/>
        <line num="30" type="stmt" count="99"/>
        <line num="31" type="stmt" count="99"/>
        <line num="32" type="stmt" count="99"/>
        <line num="34" type="stmt" count="99"/>
        <line num="35" type="stmt" count="99"/>
        <line num="38" type="stmt" count="93"/>
        <line num="39" type="stmt" count="93"/>
        <line num="41" type="stmt" count="93"/>
        <line num="42" type="stmt" count="93"/>
        <metrics loc="42" ncloc="23" classes="1" methods="1" coveredmethods="1" conditionals="0" coveredconditionals="0" statements="9" coveredstatements="9" elements="10" coveredelements="10"/>
      </file>
      <file name="/Users/NickGreen/workspace/code/cms/code/src/Components/Html/TableCell.php">
        <class name="TableCell" namespace="N8G\Grass\Components\Html">
          <metrics methods="1" coveredmethods="1" conditionals="0" coveredconditionals="0" statements="21" coveredstatements="21" elements="22" coveredelements="22"/>
        </class>
        <line num="28" type="method" name="__construct" crap="1" count="99"/>
        <line num="30" type="stmt" count="99"/>
        <line num="31" type="stmt" count="99"/>
        <line num="32" type="stmt" count="99"/>
        <line num="34" type="stmt" count="99"/>
        <line num="35" type="stmt" count="99"/>
        <line num="38" type="stmt" count="93"/>
        <line num="39" type="stmt" count="93"/>
        <line num="40" type="stmt" count="93"/>
        <line num="41" type="stmt" count="93"/>
        <line num="42" type="stmt" count="93"/>
        <line num="43" type="stmt" count="93"/>
        <line num="44" type="stmt" count="93"/>
        <line num="45" type="stmt" count="93"/>
        <line num="46" type="stmt" count="93"/>
        <line num="47" type="stmt" count="93"/>
        <line num="48" type="stmt" count="93"/>
        <line num="49" type="stmt" count="93"/>
        <line num="50" type="stmt" count="93"/>
        <line num="51" type="stmt" count="93"/>
        <line num="53" type="stmt" count="93"/>
        <line num="54" type="stmt" count="93"/>
        <metrics loc="54" ncloc="35" classes="1" methods="1" coveredmethods="1" conditionals="0" coveredconditionals="0" statements="21" coveredstatements="21" elements="22" coveredelements="22"/>
      </file>
      <file name="/Users/NickGreen/workspace/code/cms/code/src/Components/Html/TableHeader.php">
        <class name="TableHeader" namespace="N8G\Grass\Components\Html">
          <metrics methods="1" coveredmethods="1" conditionals="0" coveredconditionals="0" statements="9" coveredstatements="9" elements="10" coveredelements="10"/>
        </class>
        <line num="28" type="method" name="__construct" crap="1" count="99"/>
        <line num="30" type="stmt" count="99"/>
        <line num="31" type="stmt" count="99"/>
        <line num="32" type="stmt" count="99"/>
        <line num="34" type="stmt" count="99"/>
        <line num="35" type="stmt" count="99"/>
        <line num="38" type="stmt" count="93"/>
        <line num="39" type="stmt" count="93"/>
        <line num="41" type="stmt" count="93"/>
        <line num="42" type="stmt" count="93"/>
        <metrics loc="42" ncloc="23" classes="1" methods="1" coveredmethods="1" conditionals="0" coveredconditionals="0" statements="9" coveredstatements="9" elements="10" coveredelements="10"/>
      </file>
      <file name="/Users/NickGreen/workspace/code/cms/code/src/Components/Html/TableHeading.php">
        <class name="TableHeading" namespace="N8G\Grass\Components\Html">
          <metrics methods="1" coveredmethods="1" conditionals="0" coveredconditionals="0" statements="21" coveredstatements="21" elements="22" coveredelements="22"/>
        </class>
        <line num="28" type="method" name="__construct" crap="1" count="99"/>
        <line num="30" type="stmt" count="99"/>
        <line num="31" type="stmt" count="99"/>
        <line num="32" type="stmt" count="99"/>
        <line num="34" type="stmt" count="99"/>
        <line num="35" type="stmt" count="99"/>
        <line num="38" type="stmt" count="93"/>
        <line num="39" type="stmt" count="93"/>
        <line num="40" type="stmt" count="93"/>
        <line num="41" type="stmt" count="93"/>
        <line num="42" type="stmt" count="93"/>
        <line num="43" type="stmt" count="93"/>
        <line num="44" type="stmt" count="93"/>
        <line num="45" type="stmt" count="93"/>
        <line num="46" type="stmt" count="93"/>
        <line num="47" type="stmt" count="93"/>
        <line num="48" type="stmt" count="93"/>
        <line num="49" type="stmt" count="93"/>
        <line num="50" type="stmt" count="93"/>
        <line num="51" type="stmt" count="93"/>
        <line num="53" type="stmt" count="93"/>
        <line num="54" type="stmt" count="93"/>
        <metrics loc="54" ncloc="35" classes="1" methods="1" coveredmethods="1" conditionals="0" coveredconditionals="0" statements="21" coveredstatements="21" elements="22" coveredelements="22"/>
      </file>
      <file name="/Users/NickGreen/workspace/code/cms/code/src/Components/Html/TableRow.php">
        <class name="TableRow" namespace="N8G\Grass\Components\Html">
          <metrics methods="1" coveredmethods="1" conditionals="0" coveredconditionals="0" statements="10" coveredstatements="10" elements="11" coveredelements="11"/>
        </class>
        <line num="28" type="method" name="__construct" crap="1" count="99"/>
        <line num="30" type="stmt" count="99"/>
        <line num="31" type="stmt" count="99"/>
        <line num="32" type="stmt" count="99"/>
        <line num="34" type="stmt" count="99"/>
        <line num="35" type="stmt" count="99"/>
        <line num="38" type="stmt" count="93"/>
        <line num="39" type="stmt" count="93"/>
        <line num="40" type="stmt" count="93"/>
        <line num="42" type="stmt" count="93"/>
        <line num="43" type="stmt" count="93"/>
        <metrics loc="43" ncloc="24" classes="1" methods="1" coveredmethods="1" conditionals="0" coveredconditionals="0" statements="10" coveredstatements="10" elements="11" coveredelements="11"/>
      </file>
      <file name="/Users/NickGreen/workspace/code/cms/code/src/Components/Html/Title.php">
        <class name="Title" namespace="N8G\Grass\Components\Html">
          <metrics methods="1" coveredmethods="1" conditionals="0" coveredconditionals="0" statements="8" coveredstatements="8" elements="9" coveredelements="9"/>
        </class>
        <line num="28" type="method" name="__construct" crap="1" count="99"/>
        <line num="30" type="stmt" count="99"/>
        <line num="31" type="stmt" count="99"/>
        <line num="32" type="stmt" count="99"/>
        <line num="34" type="stmt" count="99"/>
        <line num="35" type="stmt" count="99"/>
        <line num="38" type="stmt" count="93"/>
        <line num="39" type="stmt" count="93"/>
        <line num="40" type="stmt" count="93"/>
        <metrics loc="40" ncloc="21" classes="1" methods="1" coveredmethods="1" conditionals="0" coveredconditionals="0" statements="8" coveredstatements="8" elements="9" coveredelements="9"/>
      </file>
      <file name="/Users/NickGreen/workspace/code/cms/code/src/Components/Html/UnorderedList.php">
        <class name="UnorderedList" namespace="N8G\Grass\Components\Html">
          <metrics methods="1" coveredmethods="1" conditionals="0" coveredconditionals="0" statements="10" coveredstatements="10" elements="11" coveredelements="11"/>
        </class>
        <line num="28" type="method" name="__construct" crap="1" count="99"/>
        <line num="30" type="stmt" count="99"/>
        <line num="31" type="stmt" count="99"/>
        <line num="32" type="stmt" count="99"/>
        <line num="34" type="stmt" count="99"/>
        <line num="35" type="stmt" count="99"/>
        <line num="38" type="stmt" count="93"/>
        <line num="39" type="stmt" count="93"/>
        <line num="40" type="stmt" count="93"/>
        <line num="42" type="stmt" count="93"/>
        <line num="43" type="stmt" count="93"/>
        <metrics loc="43" ncloc="24" classes="1" methods="1" coveredmethods="1" conditionals="0" coveredconditionals="0" statements="10" coveredstatements="10" elements="11" coveredelements="11"/>
      </file>
    </package>
    <package name="N8G\Grass\Display">
      <file name="/Users/NickGreen/workspace/code/cms/code/src/Display/Navigation.php">
        <class name="Navigation" namespace="N8G\Grass\Display">
          <metrics methods="8" coveredmethods="0" conditionals="0" coveredconditionals="0" statements="38" coveredstatements="0" elements="46" coveredelements="0"/>
        </class>
        <line num="37" type="method" name="__construct" crap="2" count="0"/>
        <line num="39" type="stmt" count="0"/>
        <line num="42" type="stmt" count="0"/>
        <line num="44" type="stmt" count="0"/>
        <line num="45" type="stmt" count="0"/>
        <line num="52" type="method" name="buildHeaderNavigation" crap="2" count="0"/>
        <line num="55" type="stmt" count="0"/>
        <line num="58" type="stmt" count="0"/>
        <line num="60" type="stmt" count="0"/>
        <line num="63" type="stmt" count="0"/>
        <line num="71" type="method" name="buildFooterNavigation" crap="2" count="0"/>
        <line num="74" type="stmt" count="0"/>
        <line num="77" type="stmt" count="0"/>
        <line num="80" type="stmt" count="0"/>
        <line num="92" type="method" name="buildNavHierachy" crap="20" count="0"/>
        <line num="95" type="stmt" count="0"/>
        <line num="98" type="stmt" count="0"/>
        <line num="100" type="stmt" count="0"/>
        <line num="101" type="stmt" count="0"/>
        <line num="102" type="stmt" count="0"/>
        <line num="103" type="stmt" count="0"/>
        <line num="106" type="stmt" count="0"/>
        <line num="109" type="stmt" count="0"/>
        <line num="111" type="stmt" count="0"/>
        <line num="112" type="stmt" count="0"/>
        <line num="115" type="stmt" count="0"/>
        <line num="116" type="stmt" count="0"/>
        <line num="119" type="stmt" count="0"/>
        <line num="131" type="method" name="linkToObject" crap="2" count="0"/>
        <line num="133" type="stmt" count="0"/>
        <line num="135" type="stmt" count="0"/>
        <line num="142" type="method" name="resetNavigation" crap="2" count="0"/>
        <line num="144" type="stmt" count="0"/>
        <line num="147" type="stmt" count="0"/>
        <line num="149" type="stmt" count="0"/>
        <line num="150" type="stmt" count="0"/>
        <line num="158" type="method" name="getLoginOption" crap="6" count="0"/>
        <line num="160" type="stmt" count="0"/>
        <line num="162" type="stmt" count="0"/>
        <line num="164" type="stmt" count="0"/>
        <line num="165" type="stmt" count="0"/>
        <line num="167" type="stmt" count="0"/>
        <line num="171" type="stmt" count="0"/>
        <line num="180" type="method" name="getPages" crap="6" count="0"/>
        <line num="194" type="stmt" count="0"/>
        <line num="195" type="stmt" count="0"/>
        <metrics loc="196" ncloc="85" classes="1" methods="8" coveredmethods="0" conditionals="0" coveredconditionals="0" statements="38" coveredstatements="0" elements="46" coveredelements="0"/>
      </file>
      <file name="/Users/NickGreen/workspace/code/cms/code/src/Display/Output.php">
        <class name="Output" namespace="N8G\Grass\Display">
          <metrics methods="13" coveredmethods="0" conditionals="0" coveredconditionals="0" statements="62" coveredstatements="0" elements="75" coveredelements="0"/>
        </class>
        <line num="56" type="method" name="__construct" crap="6" count="0"/>
        <line num="59" type="stmt" count="0"/>
        <line num="60" type="stmt" count="0"/>
        <line num="61" type="stmt" count="0"/>
        <line num="64" type="stmt" count="0"/>
        <line num="66" type="stmt" count="0"/>
        <line num="68" type="stmt" count="0"/>
        <line num="71" type="stmt" count="0"/>
        <line num="72" type="stmt" count="0"/>
        <line num="73" type="stmt" count="0"/>
        <line num="76" type="stmt" count="0"/>
        <line num="77" type="stmt" count="0"/>
        <line num="88" type="method" name="init" crap="6" count="0"/>
        <line num="90" type="stmt" count="0"/>
        <line num="93" type="stmt" count="0"/>
        <line num="94" type="stmt" count="0"/>
        <line num="95" type="stmt" count="0"/>
        <line num="97" type="stmt" count="0"/>
        <line num="105" type="method" name="render" crap="2" count="0"/>
        <line num="108" type="stmt" count="0"/>
        <line num="109" type="stmt" count="0"/>
        <line num="110" type="stmt" count="0"/>
        <line num="113" type="stmt" count="0"/>
        <line num="115" type="stmt" count="0"/>
        <line num="123" type="method" name="addStylesheet" crap="2" count="0"/>
        <line num="126" type="stmt" count="0"/>
        <line num="127" type="stmt" count="0"/>
        <line num="134" type="method" name="addScript" crap="2" count="0"/>
        <line num="137" type="stmt" count="0"/>
        <line num="138" type="stmt" count="0"/>
        <line num="149" type="method" name="getPageType" crap="2" count="0"/>
        <line num="151" type="stmt" count="0"/>
        <line num="154" type="stmt" count="0"/>
        <line num="157" type="stmt" count="0"/>
        <line num="159" type="stmt" count="0"/>
        <line num="162" type="stmt" count="0"/>
        <line num="163" type="stmt" count="0"/>
        <line num="177" type="method" name="checkChildPage" crap="30" count="0"/>
        <line num="181" type="stmt" count="0"/>
        <line num="182" type="stmt" count="0"/>
        <line num="184" type="stmt" count="0"/>
        <line num="187" type="stmt" count="0"/>
        <line num="189" type="stmt" count="0"/>
        <line num="191" type="stmt" count="0"/>
        <line num="192" type="stmt" count="0"/>
        <line num="193" type="stmt" count="0"/>
        <line num="194" type="stmt" count="0"/>
        <line num="195" type="stmt" count="0"/>
        <line num="198" type="stmt" count="0"/>
        <line num="207" type="method" name="buildHead" crap="30" count="0"/>
        <line num="210" type="stmt" count="0"/>
        <line num="211" type="stmt" count="0"/>
        <line num="214" type="stmt" count="0"/>
        <line num="217" type="stmt" count="0"/>
        <line num="219" type="stmt" count="0"/>
        <line num="220" type="stmt" count="0"/>
        <line num="221" type="stmt" count="0"/>
        <line num="222" type="stmt" count="0"/>
        <line num="223" type="stmt" count="0"/>
        <line num="224" type="stmt" count="0"/>
        <line num="232" type="method" name="renderHeader" crap="2" count="0"/>
        <line num="234" type="stmt" count="0"/>
        <line num="235" type="stmt" count="0"/>
        <line num="244" type="method" name="renderContent" crap="2" count="0"/>
        <line num="246" type="stmt" count="0"/>
        <line num="247" type="stmt" count="0"/>
        <line num="256" type="method" name="renderFooter" crap="2" count="0"/>
        <line num="258" type="stmt" count="0"/>
        <line num="259" type="stmt" count="0"/>
        <line num="268" type="method" name="getPageTypeData" crap="2" count="0"/>
        <line num="271" type="stmt" count="0"/>
        <line num="272" type="stmt" count="0"/>
        <line num="275" type="method" name="checkForPost" crap="2" count="0"/>
        <line num="278" type="stmt" count="0"/>
        <line num="279" type="stmt" count="0"/>
        <metrics loc="280" ncloc="122" classes="1" methods="13" coveredmethods="0" conditionals="0" coveredconditionals="0" statements="62" coveredstatements="0" elements="75" coveredelements="0"/>
      </file>
      <file name="/Users/NickGreen/workspace/code/cms/code/src/Display/Theme.php">
        <class name="Theme" namespace="N8G\Grass\Display">
          <metrics methods="12" coveredmethods="0" conditionals="0" coveredconditionals="0" statements="64" coveredstatements="0" elements="76" coveredelements="0"/>
        </class>
        <line num="60" type="method" name="__construct" crap="12" count="0"/>
        <line num="62" type="stmt" count="0"/>
        <line num="66" type="stmt" count="0"/>
        <line num="67" type="stmt" count="0"/>
        <line num="68" type="stmt" count="0"/>
        <line num="71" type="stmt" count="0"/>
        <line num="72" type="stmt" count="0"/>
        <line num="73" type="stmt" count="0"/>
        <line num="77" type="method" name="init" crap="6" count="0"/>
        <line num="80" type="stmt" count="0"/>
        <line num="82" type="stmt" count="0"/>
        <line num="83" type="stmt" count="0"/>
        <line num="85" type="stmt" count="0"/>
        <line num="96" type="method" name="checkForTheme" crap="6" count="0"/>
        <line num="99" type="stmt" count="0"/>
        <line num="100" type="stmt" count="0"/>
        <line num="104" type="stmt" count="0"/>
        <line num="105" type="stmt" count="0"/>
        <line num="114" type="method" name="getDirectory" crap="2" count="0"/>
        <line num="116" type="stmt" count="0"/>
        <line num="124" type="method" name="getPath" crap="2" count="0"/>
        <line num="126" type="stmt" count="0"/>
        <line num="134" type="method" name="getHeadData" crap="2" count="0"/>
        <line num="137" type="stmt" count="0"/>
        <line num="138" type="stmt" count="0"/>
        <line num="139" type="stmt" count="0"/>
        <line num="148" type="method" name="getPageSettings" crap="20" count="0"/>
        <line num="151" type="stmt" count="0"/>
        <line num="154" type="stmt" count="0"/>
        <line num="156" type="stmt" count="0"/>
        <line num="158" type="stmt" count="0"/>
        <line num="159" type="stmt" count="0"/>
        <line num="160" type="stmt" count="0"/>
        <line num="161" type="stmt" count="0"/>
        <line num="162" type="stmt" count="0"/>
        <line num="164" type="stmt" count="0"/>
        <line num="176" type="method" name="getPageSetting" crap="2" count="0"/>
        <line num="179" type="stmt" count="0"/>
        <line num="181" type="stmt" count="0"/>
        <line num="192" type="method" name="getSettings" crap="90" count="0"/>
        <line num="194" type="stmt" count="0"/>
        <line num="195" type="stmt" count="0"/>
        <line num="198" type="stmt" count="0"/>
        <line num="201" type="stmt" count="0"/>
        <line num="203" type="stmt" count="0"/>
        <line num="204" type="stmt" count="0"/>
        <line num="206" type="stmt" count="0"/>
        <line num="210" type="stmt" count="0"/>
        <line num="221" type="method" name="getStyles" crap="20" count="0"/>
        <line num="224" type="stmt" count="0"/>
        <line num="227" type="stmt" count="0"/>
        <line num="229" type="stmt" count="0"/>
        <line num="230" type="stmt" count="0"/>
        <line num="231" type="stmt" count="0"/>
        <line num="232" type="stmt" count="0"/>
        <line num="233" type="stmt" count="0"/>
        <line num="234" type="stmt" count="0"/>
        <line num="237" type="stmt" count="0"/>
        <line num="248" type="method" name="getScript" crap="20" count="0"/>
        <line num="251" type="stmt" count="0"/>
        <line num="254" type="stmt" count="0"/>
        <line num="256" type="stmt" count="0"/>
        <line num="257" type="stmt" count="0"/>
        <line num="258" type="stmt" count="0"/>
        <line num="259" type="stmt" count="0"/>
        <line num="260" type="stmt" count="0"/>
        <line num="261" type="stmt" count="0"/>
        <line num="264" type="stmt" count="0"/>
        <line num="272" type="method" name="getGlobalSettings" crap="12" count="0"/>
        <line num="275" type="stmt" count="0"/>
        <line num="278" type="stmt" count="0"/>
        <line num="280" type="stmt" count="0"/>
        <line num="282" type="stmt" count="0"/>
        <line num="283" type="stmt" count="0"/>
        <line num="284" type="stmt" count="0"/>
        <line num="287" type="stmt" count="0"/>
        <metrics loc="288" ncloc="123" classes="1" methods="12" coveredmethods="0" conditionals="0" coveredconditionals="0" statements="64" coveredstatements="0" elements="76" coveredelements="0"/>
      </file>
      <file name="/Users/NickGreen/workspace/code/cms/code/src/Display/Twig.php">
        <class name="Twig" namespace="N8G\Grass\Display">
          <metrics methods="4" coveredmethods="0" conditionals="0" coveredconditionals="0" statements="28" coveredstatements="0" elements="32" coveredelements="0"/>
        </class>
        <line num="31" type="method" name="__construct" crap="6" count="0"/>
        <line num="33" type="stmt" count="0"/>
        <line num="36" type="stmt" count="0"/>
        <line num="37" type="stmt" count="0"/>
        <line num="40" type="stmt" count="0"/>
        <line num="41" type="stmt" count="0"/>
        <line num="42" type="stmt" count="0"/>
        <line num="50" type="method" name="init" crap="6" count="0"/>
        <line num="53" type="stmt" count="0"/>
        <line num="55" type="stmt" count="0"/>
        <line num="56" type="stmt" count="0"/>
        <line num="59" type="stmt" count="0"/>
        <line num="69" type="method" name="loadTemplate" crap="6" count="0"/>
        <line num="71" type="stmt" count="0"/>
        <line num="74" type="stmt" count="0"/>
        <line num="75" type="stmt" count="0"/>
        <line num="79" type="stmt" count="0"/>
        <line num="90" type="method" name="render" crap="42" count="0"/>
        <line num="92" type="stmt" count="0"/>
        <line num="93" type="stmt" count="0"/>
        <line num="96" type="stmt" count="0"/>
        <line num="98" type="stmt" count="0"/>
        <line num="100" type="stmt" count="0"/>
        <line num="102" type="stmt" count="0"/>
        <line num="103" type="stmt" count="0"/>
        <line num="104" type="stmt" count="0"/>
        <line num="105" type="stmt" count="0"/>
        <line num="107" type="stmt" count="0"/>
        <line num="108" type="stmt" count="0"/>
        <line num="109" type="stmt" count="0"/>
        <line num="110" type="stmt" count="0"/>
        <line num="113" type="stmt" count="0"/>
        <metrics loc="114" ncloc="48" classes="1" methods="4" coveredmethods="0" conditionals="0" coveredconditionals="0" statements="28" coveredstatements="0" elements="32" coveredelements="0"/>
      </file>
    </package>
    <package name="N8G\Grass\Display\Pages">
      <file name="/Users/NickGreen/workspace/code/cms/code/src/Display/Pages/Blog.php">
        <class name="Blog" namespace="N8G\Grass\Display\Pages">
          <metrics methods="5" coveredmethods="0" conditionals="0" coveredconditionals="0" statements="40" coveredstatements="0" elements="45" coveredelements="0"/>
        </class>
        <line num="29" type="method" name="__construct" crap="2" count="0"/>
        <line num="31" type="stmt" count="0"/>
        <line num="34" type="stmt" count="0"/>
        <line num="37" type="stmt" count="0"/>
        <line num="38" type="stmt" count="0"/>
        <line num="50" type="method" name="build" crap="2" count="0"/>
        <line num="52" type="stmt" count="0"/>
        <line num="54" type="stmt" count="0"/>
        <line num="55" type="stmt" count="0"/>
        <line num="56" type="stmt" count="0"/>
        <line num="66" type="method" name="getPosts" crap="20" count="0"/>
        <line num="68" type="stmt" count="0"/>
        <line num="71" type="stmt" count="0"/>
        <line num="75" type="stmt" count="0"/>
        <line num="77" type="stmt" count="0"/>
[...]
        </class>
        <line num="23" type="method" name="__construct" crap="2" count="0"/>
        <line num="25" type="stmt" count="0"/>
        <line num="28" type="stmt" count="0"/>
        <line num="31" type="stmt" count="0"/>
        <line num="32" type="stmt" count="0"/>
        <metrics loc="36" ncloc="15" classes="1" methods="1" coveredmethods="0" conditionals="0" coveredconditionals="0" statements="4" coveredstatements="0" elements="5" coveredelements="0"/>
      </file>
      <file name="/Users/NickGreen/workspace/code/cms/code/src/Display/Pages/PageAbstract.php">
        <class name="PageAbstract" namespace="N8G\Grass\Display\Pages">
          <metrics methods="11" coveredmethods="0" conditionals="0" coveredconditionals="0" statements="59" coveredstatements="0" elements="70" coveredelements="0"/>
        </class>
        <line num="55" type="method" name="__construct" crap="2" count="0"/>
        <line num="57" type="stmt" count="0"/>
        <line num="60" type="stmt" count="0"/>
        <line num="61" type="stmt" count="0"/>
        <line num="64" type="stmt" count="0"/>
        <line num="67" type="stmt" count="0"/>
        <line num="68" type="stmt" count="0"/>
        <line num="77" type="method" name="getTemplateName" crap="2" count="0"/>
        <line num="79" type="stmt" count="0"/>
        <line num="81" type="stmt" count="0"/>
        <line num="90" type="method" name="getData" crap="2" count="0"/>
        <line num="92" type="stmt" count="0"/>
        <line num="94" type="stmt" count="0"/>
        <line num="101" type="method" name="getArgs" crap="2" count="0"/>
        <line num="103" type="stmt" count="0"/>
        <line num="105" type="stmt" count="0"/>
        <line num="117" type="method" name="parseContent" crap="2" count="0"/>
        <line num="119" type="stmt" count="0"/>
        <line num="120" type="stmt" count="0"/>
        <line num="123" type="stmt" count="0"/>
        <line num="126" type="stmt" count="0"/>
        <line num="129" type="stmt" count="0"/>
        <line num="139" type="method" name="addPageComponent" crap="30" count="0"/>
        <line num="142" type="stmt" count="0"/>
        <line num="144" type="stmt" count="0"/>
        <line num="148" type="stmt" count="0"/>
        <line num="150" type="stmt" count="0"/>
        <line num="154" type="stmt" count="0"/>
        <line num="155" type="stmt" count="0"/>
        <line num="164" type="method" name="build" crap="2" count="0"/>
        <line num="166" type="stmt" count="0"/>
        <line num="169" type="stmt" count="0"/>
        <line num="172" type="stmt" count="0"/>
        <line num="173" type="stmt" count="0"/>
        <line num="174" type="stmt" count="0"/>
        <line num="175" type="stmt" count="0"/>
        <line num="176" type="stmt" count="0"/>
        <line num="177" type="stmt" count="0"/>
        <line num="180" type="stmt" count="0"/>
        <line num="181" type="stmt" count="0"/>
        <line num="191" type="method" name="buildTitle" crap="42" count="0"/>
        <line num="193" type="stmt" count="0"/>
        <line num="196" type="stmt" count="0"/>
        <line num="199" type="stmt" count="0"/>
        <line num="201" type="stmt" count="0"/>
        <line num="202" type="stmt" count="0"/>
        <line num="204" type="stmt" count="0"/>
        <line num="206" type="stmt" count="0"/>
        <line num="208" type="stmt" count="0"/>
        <line num="209" type="stmt" count="0"/>
        <line num="211" type="stmt" count="0"/>
        <line num="215" type="stmt" count="0"/>
        <line num="218" type="stmt" count="0"/>
        <line num="230" type="method" name="getPageComponents" crap="2" count="0"/>
        <line num="233" type="stmt" count="0"/>
        <line num="235" type="stmt" count="0"/>
        <line num="236" type="stmt" count="0"/>
        <line num="239" type="stmt" count="0"/>
        <line num="240" type="stmt" count="0"/>
        <line num="243" type="stmt" count="0"/>
        <line num="244" type="stmt" count="0"/>
        <line num="245" type="stmt" count="0"/>
        <line num="246" type="stmt" count="0"/>
        <line num="249" type="stmt" count="0"/>
        <line num="250" type="stmt" count="0"/>
        <line num="258" type="method" name="calcPageLink" crap="2" count="0"/>
        <line num="260" type="stmt" count="0"/>
        <line num="270" type="method" name="getPageData" crap="2" count="0"/>
        <line num="273" type="stmt" count="0"/>
        <line num="274" type="stmt" count="0"/>
        <metrics loc="275" ncloc="108" classes="1" methods="11" coveredmethods="0" conditionals="0" coveredconditionals="0" statements="59" coveredstatements="0" elements="70" coveredelements="0"/>
      </file>
      <file name="/Users/NickGreen/workspace/code/cms/code/src/Display/Pages/Post.php">
        <class name="Post" namespace="N8G\Grass\Display\Pages">
          <metrics methods="8" coveredmethods="0" conditionals="0" coveredconditionals="0" statements="62" coveredstatements="0" elements="70" coveredelements="0"/>
        </class>
        <line num="27" type="method" name="__construct" crap="2" count="0"/>
        <line num="29" type="stmt" count="0"/>
        <line num="32" type="stmt" count="0"/>
        <line num="35" type="stmt" count="0"/>
        <line num="36" type="stmt" count="0"/>
        <line num="48" type="method" name="build" crap="2" count="0"/>
        <line num="50" type="stmt" count="0"/>
        <line num="53" type="stmt" count="0"/>
        <line num="56" type="stmt" count="0"/>
        <line num="57" type="stmt" count="0"/>
        <line num="59" type="stmt" count="0"/>
        <line num="60" type="stmt" count="0"/>
        <line num="61" type="stmt" count="0"/>
        <line num="62" type="stmt" count="0"/>
        <line num="63" type="stmt" count="0"/>
        <line num="64" type="stmt" count="0"/>
        <line num="65" type="stmt" count="0"/>
        <line num="66" type="stmt" count="0"/>
        <line num="67" type="stmt" count="0"/>
        <line num="68" type="stmt" count="0"/>
        <line num="69" type="stmt" count="0"/>
        <line num="72" type="stmt" count="0"/>
        <line num="73" type="stmt" count="0"/>
        <line num="74" type="stmt" count="0"/>
        <line num="75" type="stmt" count="0"/>
        <line num="84" type="method" name="getMonthFilter" crap="2" count="0"/>
        <line num="86" type="stmt" count="0"/>
        <line num="94" type="method" name="getComments" crap="6" count="0"/>
        <line num="97" type="stmt" count="0"/>
        <line num="100" type="stmt" count="0"/>
        <line num="101" type="stmt" count="0"/>
        <line num="102" type="stmt" count="0"/>
        <line num="104" type="stmt" count="0"/>
        <line num="114" type="method" name="getPostData" crap="6" count="0"/>
        <line num="117" type="stmt" count="0"/>
        <line num="120" type="stmt" count="0"/>
        <line num="121" type="stmt" count="0"/>
        <line num="122" type="stmt" count="0"/>
        <line num="123" type="stmt" count="0"/>
        <line num="125" type="stmt" count="0"/>
        <line num="136" type="method" name="formatRating" crap="6" count="0"/>
        <line num="139" type="stmt" count="0"/>
        <line num="141" type="stmt" count="0"/>
        <line num="144" type="stmt" count="0"/>
        <line num="146" type="stmt" count="0"/>
        <line num="148" type="stmt" count="0"/>
        <line num="149" type="stmt" count="0"/>
        <line num="160" type="method" name="formatStars" crap="56" count="0"/>
        <line num="163" type="stmt" count="0"/>
        <line num="164" type="stmt" count="0"/>
        <line num="167" type="stmt" count="0"/>
        <line num="168" type="stmt" count="0"/>
        <line num="171" type="stmt" count="0"/>
        <line num="173" type="stmt" count="0"/>
        <line num="175" type="stmt" count="0"/>
        <line num="177" type="stmt" count="0"/>
        <line num="179" type="stmt" count="0"/>
        <line num="181" type="stmt" count="0"/>
        <line num="183" type="stmt" count="0"/>
        <line num="185" type="stmt" count="0"/>
        <line num="186" type="stmt" count="0"/>
        <line num="187" type="stmt" count="0"/>
        <line num="190" type="stmt" count="0"/>
        <line num="192" type="stmt" count="0"/>
        <line num="202" type="method" name="getSelectedOption" crap="12" count="0"/>
        <line num="205" type="stmt" count="0"/>
        <line num="207" type="stmt" count="0"/>
        <line num="209" type="stmt" count="0"/>
        <line num="211" type="stmt" count="0"/>
        <line num="214" type="stmt" count="0"/>
        <metrics loc="215" ncloc="93" classes="1" methods="8" coveredmethods="0" conditionals="0" coveredconditionals="0" statements="62" coveredstatements="0" elements="70" coveredelements="0"/>
      </file>
      <file name="/Users/NickGreen/workspace/code/cms/code/src/Display/Pages/Standard.php">
        <class name="Standard" namespace="N8G\Grass\Display\Pages">
          <metrics methods="1" coveredmethods="0" conditionals="0" coveredconditionals="0" statements="4" coveredstatements="0" elements="5" coveredelements="0"/>
        </class>
        <line num="22" type="method" name="__construct" crap="2" count="0"/>
        <line num="24" type="stmt" count="0"/>
        <line num="27" type="stmt" count="0"/>
        <line num="30" type="stmt" count="0"/>
        <line num="31" type="stmt" count="0"/>
        <metrics loc="35" ncloc="15" classes="1" methods="1" coveredmethods="0" conditionals="0" coveredconditionals="0" statements="4" coveredstatements="0" elements="5" coveredelements="0"/>
      </file>
    </package>
    <file name="/Users/NickGreen/workspace/code/cms/code/src/Display/Pages/PageInterface.php">
      <metrics loc="25" ncloc="8" classes="0" methods="0" coveredmethods="0" conditionals="0" coveredconditionals="0" statements="0" coveredstatements="0" elements="0" coveredelements="0"/>
    </file>
    <package name="N8G\Grass\Exceptions\Components">
      <file name="/Users/NickGreen/workspace/code/cms/code/src/Exceptions/ClassNotFoundException.php">
        <class name="ClassNotFoundException" namespace="N8G\Grass\Exceptions\Components">
          <metrics methods="1" coveredmethods="0" conditionals="0" coveredconditionals="0" statements="3" coveredstatements="0" elements="4" coveredelements="0"/>
        </class>
        <line num="20" type="method" name="__construct" crap="2" count="0"/>
        <line num="22" type="stmt" count="0"/>
        <line num="23" type="stmt" count="0"/>
        <line num="24" type="stmt" count="0"/>
        <metrics loc="24" ncloc="12" classes="1" methods="1" coveredmethods="0" conditionals="0" coveredconditionals="0" statements="3" coveredstatements="0" elements="4" coveredelements="0"/>
      </file>
      <file name="/Users/NickGreen/workspace/code/cms/code/src/Exceptions/Components/AttributeInvalidException.php">
        <class name="AttributeInvalidException" namespace="N8G\Grass\Exceptions\Components">
          <metrics methods="1" coveredmethods="1" conditionals="0" coveredconditionals="0" statements="3" coveredstatements="3" elements="4" coveredelements="4"/>
        </class>
        <line num="21" type="method" name="__construct" crap="1" count="35"/>
        <line num="23" type="stmt" count="35"/>
        <line num="24" type="stmt" count="35"/>
        <line num="25" type="stmt" count="35"/>
        <metrics loc="25" ncloc="13" classes="1" methods="1" coveredmethods="1" conditionals="0" coveredconditionals="0" statements="3" coveredstatements="3" elements="4" coveredelements="4"/>
      </file>
      <file name="/Users/NickGreen/workspace/code/cms/code/src/Exceptions/Components/ComponentMissingRequiredAttributesException.php">
        <class name="ComponentMissingRequiredAttributesException" namespace="N8G\Grass\Exceptions\Components">
          <metrics methods="1" coveredmethods="1" conditionals="0" coveredconditionals="0" statements="3" coveredstatements="3" elements="4" coveredelements="4"/>
        </class>
        <line num="21" type="method" name="__construct" crap="1" count="9"/>
        <line num="23" type="stmt" count="9"/>
        <line num="24" type="stmt" count="9"/>
        <line num="25" type="stmt" count="9"/>
        <metrics loc="25" ncloc="13" classes="1" methods="1" coveredmethods="1" conditionals="0" coveredconditionals="0" statements="3" coveredstatements="3" elements="4" coveredelements="4"/>
      </file>
      <file name="/Users/NickGreen/workspace/code/cms/code/src/Exceptions/Components/ComponentNotFoundException.php">
        <class name="ComponentNotFoundException" namespace="N8G\Grass\Exceptions\Components">
          <metrics methods="1" coveredmethods="0" conditionals="0" coveredconditionals="0" statements="3" coveredstatements="0" elements="4" coveredelements="0"/>
        </class>
        <line num="20" type="method" name="__construct" crap="2" count="0"/>
        <line num="22" type="stmt" count="0"/>
        <line num="23" type="stmt" count="0"/>
        <line num="24" type="stmt" count="0"/>
        <metrics loc="24" ncloc="12" classes="1" methods="1" coveredmethods="0" conditionals="0" coveredconditionals="0" statements="3" coveredstatements="0" elements="4" coveredelements="0"/>
      </file>
      <file name="/Users/NickGreen/workspace/code/cms/code/src/Exceptions/Components/ElementInvalidException.php">
        <class name="ElementInvalidException" namespace="N8G\Grass\Exceptions\Components">
          <metrics methods="1" coveredmethods="1" conditionals="0" coveredconditionals="0" statements="3" coveredstatements="3" elements="4" coveredelements="4"/>
        </class>
        <line num="21" type="method" name="__construct" crap="1" count="1099"/>
        <line num="23" type="stmt" count="1099"/>
        <line num="24" type="stmt" count="1099"/>
        <line num="25" type="stmt" count="1099"/>
        <metrics loc="25" ncloc="13" classes="1" methods="1" coveredmethods="1" conditionals="0" coveredconditionals="0" statements="3" coveredstatements="3" elements="4" coveredelements="4"/>
      </file>
      <file name="/Users/NickGreen/workspace/code/cms/code/src/Exceptions/UnableToOpenFileException.php">
        <class name="UnableToOpenFileException" namespace="N8G\Grass\Exceptions\Components">
          <metrics methods="1" coveredmethods="0" conditionals="0" coveredconditionals="0" statements="2" coveredstatements="0" elements="3" coveredelements="0"/>
        </class>
        <line num="20" type="method" name="__construct" crap="2" count="0"/>
        <line num="22" type="stmt" count="0"/>
        <line num="23" type="stmt" count="0"/>
        <metrics loc="23" ncloc="11" classes="1" methods="1" coveredmethods="0" conditionals="0" coveredconditionals="0" statements="2" coveredstatements="0" elements="3" coveredelements="0"/>
      </file>
    </package>
    <package name="N8G\Grass\Exceptions\Display">
      <file name="/Users/NickGreen/workspace/code/cms/code/src/Exceptions/Display/PageException.php">
        <class name="PageException" namespace="N8G\Grass\Exceptions\Display">
          <metrics methods="1" coveredmethods="0" conditionals="0" coveredconditionals="0" statements="3" coveredstatements="0" elements="4" coveredelements="0"/>
        </class>
        <line num="20" type="method" name="__construct" crap="2" count="0"/>
        <line num="22" type="stmt" count="0"/>
        <line num="23" type="stmt" count="0"/>
        <line num="24" type="stmt" count="0"/>
        <metrics loc="24" ncloc="12" classes="1" methods="1" coveredmethods="0" conditionals="0" coveredconditionals="0" statements="3" coveredstatements="0" elements="4" coveredelements="0"/>
      </file>
      <file name="/Users/NickGreen/workspace/code/cms/code/src/Exceptions/Display/ThemeException.php">
        <class name="ThemeException" namespace="N8G\Grass\Exceptions\Display">
          <metrics methods="1" coveredmethods="0" conditionals="0" coveredconditionals="0" statements="3" coveredstatements="0" elements="4" coveredelements="0"/>
        </class>
        <line num="20" type="method" name="__construct" crap="2" count="0"/>
        <line num="22" type="stmt" count="0"/>
        <line num="23" type="stmt" count="0"/>
        <line num="24" type="stmt" count="0"/>
        <metrics loc="24" ncloc="12" classes="1" methods="1" coveredmethods="0" conditionals="0" coveredconditionals="0" statements="3" coveredstatements="0" elements="4" coveredelements="0"/>
      </file>
      <file name="/Users/NickGreen/workspace/code/cms/code/src/Exceptions/Display/TwigException.php">
        <class name="TwigException" namespace="N8G\Grass\Exceptions\Display">
          <metrics methods="1" coveredmethods="0" conditionals="0" coveredconditionals="0" statements="3" coveredstatements="0" elements="4" coveredelements="0"/>
        </class>
        <line num="20" type="method" name="__construct" crap="2" count="0"/>
        <line num="22" type="stmt" count="0"/>
        <line num="23" type="stmt" count="0"/>
        <line num="24" type="stmt" count="0"/>
        <metrics loc="24" ncloc="12" classes="1" methods="1" coveredmethods="0" conditionals="0" coveredconditionals="0" statements="3" coveredstatements="0" elements="4" coveredelements="0"/>
      </file>
    </package>
    <package name="N8G\Grass\Exceptions">
      <file name="/Users/NickGreen/workspace/code/cms/code/src/Exceptions/ExceptionAbstract.php">
        <class name="ExceptionAbstract" namespace="N8G\Grass\Exceptions">
          <metrics methods="2" coveredmethods="1" conditionals="0" coveredconditionals="0" statements="33" coveredstatements="19" elements="35" coveredelements="20"/>
        </class>
        <line num="22" type="method" name="__construct" crap="1" count="1143"/>
        <line num="24" type="stmt" count="1143"/>
        <line num="25" type="stmt" count="1143"/>
        <line num="34" type="method" name="log" crap="11.51" count="1143"/>
        <line num="37" type="stmt" count="1143"/>
        <line num="38" type="stmt" count="1143"/>
        <line num="39" type="stmt" count="1143"/>
        <line num="40" type="stmt" count="1143"/>
        <line num="41" type="stmt" count="1143"/>
        <line num="42" type="stmt" count="1143"/>
        <line num="43" type="stmt" count="1143"/>
        <line num="44" type="stmt" count="1143"/>
        <line num="45" type="stmt" count="1143"/>
        <line num="46" type="stmt" count="1143"/>
        <line num="48" type="stmt" count="1143"/>
        <line num="49" type="stmt" count="1143"/>
        <line num="50" type="stmt" count="0"/>
        <line num="51" type="stmt" count="0"/>
        <line num="52" type="stmt" count="1143"/>
        <line num="53" type="stmt" count="1143"/>
        <line num="54" type="stmt" count="1143"/>
        <line num="55" type="stmt" count="0"/>
        <line num="56" type="stmt" count="0"/>
        <line num="57" type="stmt" count="0"/>
        <line num="58" type="stmt" count="0"/>
        <line num="59" type="stmt" count="0"/>
        <line num="60" type="stmt" count="0"/>
        <line num="61" type="stmt" count="0"/>
        <line num="62" type="stmt" count="0"/>
        <line num="63" type="stmt" count="0"/>
        <line num="64" type="stmt" count="0"/>
        <line num="65" type="stmt" count="0"/>
        <line num="66" type="stmt" count="0"/>
        <line num="67" type="stmt" count="1143"/>
        <line num="68" type="stmt" count="1143"/>
        <metrics loc="68" ncloc="45" classes="1" methods="2" coveredmethods="1" conditionals="0" coveredconditionals="0" statements="33" coveredstatements="19" elements="35" coveredelements="20"/>
      </file>
    </package>
    <metrics files="59" loc="4540" ncloc="2354" classes="57" methods="139" coveredmethods="56" conditionals="0" coveredconditionals="0" statements="1219" coveredstatements="700" elements="1358" coveredelements="756"/>
  </project>
</coverage>
